********************************************************************************
DUPLICATOR-LITE PACKAGE-LOG: 15 de September de 2023 22:55
NOTICE: Do NOT post to public sites or forums 
********************************************************************************
VERSION:	1.5.5.1
WORDPRESS:	6.3.1
PHP INFO:	8.0.26 | SAPI: apache2handler
SERVER:		Apache/2.4.54 (Win64) PHP/8.0.26 mod_fcgid/2.3.10-dev 
PHP TIME LIMIT: (0) no time limit imposed 
PHP MAX MEMORY: 4294967296 (128M default) 
MEMORY STACK: 24MB

********************************************************************************
DATABASE:
********************************************************************************
BUILD MODE:   MYSQLDUMP
MYSQLTIMEOUT: 5000
MYSQLDUMP:    Is Supported
SQL CREATED: LeBonAppetit_96af178bd24ff1e48399_20230915225359_database.sql
SQL FILE SIZE: 14.97MB (15694398)
SQL FILE TIME: 2023-09-15 22:56:05
SQL RUNTIME: 41.32 sec.

********************************************************************************
ARCHIVE (ZIP):
********************************************************************************
ARCHIVE DIR:  C:/wamp64/www/LeBonAppetit
ARCHIVE FILE: LeBonAppetit_96af178bd24ff1e48399_20230915225359_archive.zip
FILTERS: *ON*
DIRS:
	C:/wamp64/www/LeBonAppetit/wp-content/plugins/astra-widgets/assets/fonts
	C:/wamp64/www/LeBonAppetit/wp-content/plugins/microthemer/js-min/sass
	C:/wamp64/www/LeBonAppetit/wp-content/plugins/ultimate-addons-for-gutenberg/dist
	C:/wamp64/www/LeBonAppetit/wp-content/themes/astra/inc/customizer/extend-custom-controls/build
FILES:
	not set
EXTS:  not set
----------------------------------------
COMPRESSING
SIZE:	262.83MB
STATS:	Dirs 3,804 | Files 16,623
SQL ADDED: LeBonAppetit_96af178bd24ff1e48399_20230915225359_database.sql
ZipArchive Object
(
    [lastId] => 20426
    [status] => 0
    [statusSys] => 0
    [numFiles] => 20427
    [filename] => C:\wamp64\www\LeBonAppetit\wp-content\backups-dup-lite\tmp\LeBonAppetit_96af178bd24ff1e48399_20230915225359_archive.zip
    [comment] => 
)

FILE ADDED TO ZIP: 20426
COMPRESSION RESULT: '1'
COMPRESSED SIZE: 95.46MB
ARCHIVE RUNTIME: 83.74 sec.
MEMORY STACK: 30MB
building installer
ARCHIVE CONSISTENCY TEST: PASS

********************************************************************************
INTEGRITY CHECKS:
********************************************************************************
SQL FILE: 14.97MB
INSTALLER FILE: 73.47KB
ARCHIVE FILE: 97.57MB 
EXPECTED FILE/DIRECTORY COUNT: 20,427
ACTUAL FILE/DIRECTORY COUNT: 20,426
ARCHIVE CONSISTENCY TEST: Pass

********************************************************************************
RECORD ID:[1]
TOTAL PROCESS RUNTIME: 130.10 sec.
PEAK PHP MEMORY USED: 34MB
DONE PROCESSING => LeBonAppetit 15 de September de 2023 22:57

